[*] Found XML file advertising_toggle.xml
[*] Found XML file avatar.xml
[*] Found XML file base_globalpopups.xml
[*] Found XML file base_intromovie.xml
[*] Found XML file base_jsregistration.xml
[*] Found XML file base_loadingscreen.xml
[*] Found XML file base_mainmenu.xml
[*] Found XML file base_triplemonitorbackground.xml
[*] Found XML file broadcast_toggle.xml
[*] Found XML file buymenu.xml
[*] Found XML file carousel_nav.xml
[*] Found XML file characterbuttons.xml
[*] Found XML file characterlineup.xml
[*] Found XML file chat.xml
[*] Found XML file compass.xml
[*] Found XML file console.xml
[*] Found XML file contextmenu.xml
[*] Found XML file controlslibrary.xml
[*] Found XML file controlslibrary_frameexample.xml
[*] Found XML file crafting.xml
[*] Found XML file crosshair.xml
[*] Found XML file crosshairpreview.xml
[*] Found XML file debugger.xml
[*] Found XML file debugindividualstyle.xml
[*] Found XML file debuginheritedstylesheader.xml
[*] Found XML file debuglayout.xml
[*] Found XML file debugpanel.xml
[*] Found XML file debugstyleanimation.xml
[*] Found XML file debugstyleblock.xml
[*] Found XML file debugtooltip.xml
[*] Found XML file endofmatch-characters.xml
[*] Found XML file endofmatch-drops.xml
[*] Found XML file endofmatch-podium.xml
[*] Found XML file endofmatch-rank.xml
[*] Found XML file endofmatch-skillgroup.xml
[*] Found XML file endofmatch-voting.xml
[*] Found XML file endofmatch-win.xml
[*] Found XML file endofmatch.xml
[*] Found XML file friendlobby.xml
[*] Found XML file friendslist.xml
[*] Found XML file friendtile.xml
[*] Found XML file friend_advertise_tile.xml
[*] Found XML file globalpopups.xml
[*] Found XML file intromovie.xml
[*] Found XML file inventory_item_list.xml
[*] Found XML file itempreviewdebug.xml
[*] Found XML file itemtile.xml
[*] Found XML file loadingscreen.xml
[*] Found XML file loadout.xml
[*] Found XML file mainmenu.xml
[*] Found XML file mainmenu_featured.xml
[*] Found XML file mainmenu_home.xml
[*] Found XML file mainmenu_inventory.xml
[*] Found XML file mainmenu_inventory_category.xml
[*] Found XML file mainmenu_inv_search.xml
[*] Found XML file mainmenu_lastmatch.xml
[*] Found XML file mainmenu_news.xml
[*] Found XML file mainmenu_operation_balance_reminder.xml
[*] Found XML file mainmenu_overwatch.xml
[*] Found XML file mainmenu_perf.xml
[*] Found XML file mainmenu_pickem_playoff.xml
[*] Found XML file mainmenu_play.xml
[*] Found XML file mainmenu_playerstats.xml
[*] Found XML file mainmenu_store.xml
[*] Found XML file mainmenu_store_tile.xml
[*] Found XML file mainmenu_store_tile_linked.xml
[*] Found XML file mainmenu_stream.xml
[*] Found XML file mainmenu_tests.xml
[*] Found XML file mainmenu_tournament_pass_status.xml
[*] Found XML file mainmenu_watch.xml
[*] Found XML file mainmenu_watchnotice.xml
[*] Found XML file mainmenu_watch_eventsched.xml
[*] Found XML file mainmenu_watch_tournament.xml
[*] Found XML file mapdraft.xml
[*] Found XML file mapoverview.xml
[*] Found XML file match-reconnect.xml
[*] Found XML file matchinfo.xml
[*] Found XML file matchmaking_status.xml
[*] Found XML file movie.xml
[*] Found XML file moviedebug.xml
[*] Found XML file mute_spinner.xml
[*] Found XML file outofammo.xml
[*] Found XML file pausemenu_gift.xml
[*] Found XML file playercard.xml
[*] Found XML file quickinventory.xml
[*] Found XML file radialmenubase.xml
[*] Found XML file radialradio.xml
[*] Found XML file retakeloadout.xml
[*] Found XML file scoreboard.xml
[*] Found XML file shielddamagealert.xml
[*] Found XML file simple_player_tile.xml
[*] Found XML file store.xml
[*] Found XML file storeitem.xml
[*] Found XML file tablet_panolayer.xml
[*] Found XML file teamselectmenu.xml
[*] Found XML file tooltip.xml
[*] Found XML file tournament_tile_champions.xml
[*] Found XML file versus.xml
[*] Found XML file watchmatchtile.xml
[*] Found XML file context_menu_add_to_cart.xml
[*] Found XML file context_menu_base.xml
[*] Found XML file context_menu_custom_layout_test.xml
[*] Found XML file context_menu_eventsched_team.xml
[*] Found XML file context_menu_inventory_item.xml
[*] Found XML file context_menu_inventory_search.xml
[*] Found XML file context_menu_mainmenu_vanity.xml
[*] Found XML file context_menu_playercard.xml
[*] Found XML file context_menu_rewards.xml
[*] Found XML file context_menu_select_mission_card.xml
[*] Found XML file context_menu_store_linked_items.xml
[*] Found XML file context_menu_vote.xml
[*] Found XML file context_menu_watchnotice_match_streams.xml
[*] Found XML file base_hud.xml
[*] Found XML file hud.xml
[*] Found XML file hudalerts.xml
[*] Found XML file hudautodisconnect.xml
[*] Found XML file hudchat.xml
[*] Found XML file huddamageindicator.xml
[*] Found XML file huddeathnotice.xml
[*] Found XML file huddemolitionprogress.xml
[*] Found XML file huddemoplayback.xml
[*] Found XML file huddmbonus.xml
[*] Found XML file hudfreezepanel.xml
[*] Found XML file hudgameicons.xml
[*] Found XML file hudguardian.xml
[*] Found XML file hudhealtharmor.xml
[*] Found XML file hudhinttext.xml
[*] Found XML file hudmissionpanel.xml
[*] Found XML file hudmoney.xml
[*] Found XML file hudpassiveitems.xml
[*] Found XML file hudprogressbar.xml
[*] Found XML file hudradar.xml
[*] Found XML file hudradio.xml
[*] Found XML file hudretake.xml
[*] Found XML file hudreticle.xml
[*] Found XML file hudrosettaselector.xml
[*] Found XML file hudspecplayer.xml
[*] Found XML file hudspectator.xml
[*] Found XML file hudspectator__vignetting.xml
[*] Found XML file hudtablethints.xml
[*] Found XML file hudteamcounter.xml
[*] Found XML file hudvoicestatus.xml
[*] Found XML file hudvote.xml
[*] Found XML file hudweaponpanel.xml
[*] Found XML file hudweaponselection.xml
[*] Found XML file hudwinpanel.xml
[*] Found XML file gotv.xml
[*] Found XML file live.xml
[*] Found XML file menu.xml
[*] Found XML file player.xml
[*] Found XML file streams.xml
[*] Found XML file tournament.xml
[*] Found XML file tournament_page.xml
[*] Found XML file notification_equip.xml
[*] Found XML file operation_active_mission.xml
[*] Found XML file operation_coin.xml
[*] Found XML file operation_main.xml
[*] Found XML file operation_mainmenu.xml
[*] Found XML file operation_missions.xml
[*] Found XML file operation_mission_card.xml
[*] Found XML file operation_mission_snippets.xml
[*] Found XML file operation_store.xml
[*] Found XML file operation_store_inspect.xml
[*] Found XML file operation_tiers.xml
[*] Found XML file operation_title.xml
[*] Found XML file popup_accept_match.xml
[*] Found XML file popup_acknowledge_item.xml
[*] Found XML file popup_acknowledge_xpgrant.xml
[*] Found XML file popup_activate_mission.xml
[*] Found XML file popup_add_friend.xml
[*] Found XML file popup_capability_can_stattrack_swap.xml
[*] Found XML file popup_capability_can_sticker.xml
[*] Found XML file popup_capability_decodable.xml
[*] Found XML file popup_capability_header.xml
[*] Found XML file popup_capability_nameable.xml
[*] Found XML file popup_casket_operation.xml
[*] Found XML file popup_choices.xml
[*] Found XML file popup_commend_player.xml
[*] Found XML file popup_confirm_picks.xml
[*] Found XML file popup_crosshair_code.xml
[*] Found XML file popup_custom_layout_test.xml
[*] Found XML file popup_custom_layout_test_image.xml
[*] Found XML file popup_directchallenge_join.xml
[*] Found XML file popup_directchallenge_steamgroups.xml
[*] Found XML file popup_generic.xml
[*] Found XML file popup_generic_text_entry.xml
[*] Found XML file popup_go_team_matchmaking.xml
[*] Found XML file popup_hud_edge_positions.xml
[*] Found XML file popup_inspect_action-bar.xml
[*] Found XML file popup_inspect_async-bar.xml
[*] Found XML file popup_inspect_header.xml
[*] Found XML file popup_inspect_model-image.xml
[*] Found XML file popup_inspect_purchase-bar.xml
[*] Found XML file popup_inventory_inspect.xml
[*] Found XML file popup_leaderboards.xml
[*] Found XML file popup_license_register.xml
[*] Found XML file popup_mainmenu_overwatch_verdict.xml
[*] Found XML file popup_mainmenu_vanity_settings.xml
[*] Found XML file popup_manager.xml
[*] Found XML file popup_navdrawer.xml
[*] Found XML file popup_news.xml
[*] Found XML file popup_operation_launch.xml
[*] Found XML file popup_operation_store.xml
[*] Found XML file popup_permissions_settings.xml
[*] Found XML file popup_play_gamemodeflags.xml
[*] Found XML file popup_premier_matchmaking.xml
[*] Found XML file popup_prime_status.xml
[*] Found XML file popup_redeem_souvenir.xml
[*] Found XML file popup_report_player.xml
[*] Found XML file popup_report_server.xml
[*] Found XML file popup_serverbrowser.xml
[*] Found XML file popup_store_status.xml
[*] Found XML file popup_subscription_upsell.xml
[*] Found XML file popup_tournament_controlroom.xml
[*] Found XML file popup_tournament_journal.xml
[*] Found XML file popup_tournament_pickban.xml
[*] Found XML file popup_tournament_select_spray.xml
[*] Found XML file popup_tournament_store.xml
[*] Found XML file popup_validated_text_entry.xml
[*] Found XML file popup_weapon_update.xml
[*] Found XML file popup_workshop_mode_select.xml
[*] Found XML file popup_playerstats_singlematch.xml
[*] Found XML file settings.xml
[*] Found XML file settings_audio.xml
[*] Found XML file settings_audio_panel.xml
[*] Found XML file settings_controller.xml
[*] Found XML file settings_enum.xml
[*] Found XML file settings_game.xml
[*] Found XML file settings_kbmouse.xml
[*] Found XML file settings_keybinder.xml
[*] Found XML file settings_promoted.xml
[*] Found XML file settings_search.xml
[*] Found XML file settings_slider.xml
[*] Found XML file settings_steaminput.xml
[*] Found XML file settings_video.xml
[*] Found XML file settings_video_panel.xml
[*] Found XML file playerstats_heatmap.xml
[*] Found XML file playerstats_linegraph.xml
[*] Found XML file playerstats_mapsgraph.xml
[*] Found XML file playerstats_matchlister.xml
[*] Found XML file playerstats_record.xml
[*] Found XML file playerstats_weaponsgraph.xml
[*] Found XML file steaminputaction.xml
[*] Found XML file steaminputactionlabel.xml
[*] Found XML file steaminputglyphs.xml
[*] Found XML file steaminputlayout.xml
[*] Found XML file survival_buymenu.xml
[*] Found XML file survival_endofmatch.xml
[*] Found XML file survival_playerremainingcounter.xml
[*] Found XML file survival_spawnselect.xml
[*] Found XML file survival_zonemoneyprogress.xml
[*] Found XML file survival_zonetimer.xml
[*] Found XML file anim.xml
[*] Found XML file chatwheel.xml
[*] Found XML file controllibtestpanel.xml
[*] Found XML file endofmatch_controls.xml
[*] Found XML file endofmatch_test.xml
[*] Found XML file perf_cpp.xml
[*] Found XML file perf_item_cpp.xml
[*] Found XML file perf_item_jscontext.xml
[*] Found XML file perf_item_jscontext_single.xml
[*] Found XML file perf_jscontextexperiment.xml
[*] Found XML file perf_jscontextexperiment2.xml
[*] Found XML file perf_jscontextexperiment_otherpanel.xml
[*] Found XML file perf_jsmultiplecontexts.xml
[*] Found XML file perf_jssinglecontext.xml
[*] Found XML file test_panel1.xml
[*] Found XML file test_panel2.xml
[*] Found XML file type_safety.xml
[*] Found XML file tooltip_base.xml
[*] Found XML file tooltip_custom_test.xml
[*] Found XML file tooltip_eventsched_team_simple.xml
[*] Found XML file tooltip_inventory_item.xml
[*] Found XML file tooltip_lobby_settings.xml
[*] Found XML file tooltip_mission.xml
[*] Found XML file tooltip_model_panel_instructions_camera.xml
[*] Found XML file tooltip_model_panel_instructions_info.xml
[*] Found XML file tooltip_model_panel_instructions_lights.xml
[*] Found XML file tooltip_model_panel_instructions_scene.xml
[*] Found XML file tooltip_playerprofile.xml
[*] Found XML file tooltip_player_xp.xml
[*] Found XML file tooltip_scoreboard_casualties.xml
[*] Found XML file tooltip_text.xml
[*] Found XML file tooltip_title_image_text.xml
[*] Found XML file tooltip_title_progressbar.xml
[*] Found XML file tooltip_title_text.xml
[*] Found XML file tooltip_playerstats_calendar_day.xml
[*] Found XML file tooltip_playerstats_generic.xml
[*] Found XML file tooltip_playerstats_mapgraph.xml
[*] Found XML file tooltip_playerstats_matchlister_matchstats.xml
[*] Found XML file tooltip_playerstats_progress_graph.xml
[*] Found XML file tooltip_playerstats_progress_graph_average.xml
[*] Found XML file tooltip_playerstats_progress_graph_stat_button.xml
[*] Found XML file tooltip_playerstats_progress_graph_stat_value.xml
[*] Found XML file tooltip_playerstats_weaponsgraph.xml
[*] Found XML file tooltip_playerstats_weaponsgraph_category.xml
[*] Found XML file loading_status.xml
[*] Found XML file pickem_bracket.xml
[*] Found XML file pickem_group.xml
[*] Found XML file pickem_info_bar.xml
[*] Found JS file advertising_toggle.js
[*] Found JS file audiovideosettingsmenu.js
[*] Found JS file avatar.js
[*] Found JS file buymenu.js
[*] Found JS file characterbuttons.js
[*] Found JS file characterlineup.js
[*] Found JS file chat.js
[*] Found JS file controlslibrary.js
[*] Found JS file crafting.js
[*] Found JS file digitpanel.js
[*] Found JS file endofmatch-characters.js
[*] Found JS file endofmatch-drops.js
[*] Found JS file endofmatch-podium.js
[*] Found JS file endofmatch-rank.js
[*] Found JS file endofmatch-skillgroup.js
[*] Found JS file endofmatch-voting.js
[*] Found JS file endofmatch-win.js
[*] Found JS file endofmatch.js
[*] Found JS file friendlobby.js
[*] Found JS file friendslist.js
[*] Found JS file friendtile.js
[*] Found JS file friend_advertise_tile.js
[*] Found JS file intromovie.js
[*] Found JS file inventory_item_list.js
[*] Found JS file itempreviewdebug.js
[*] Found JS file itemtile.js
[*] Found JS file loadingscreen.js
[*] Found JS file loadout.js
[*] Found JS file mainmenu.js
[*] Found JS file mainmenu_featured.js
[*] Found JS file mainmenu_inventory.js
[*] Found JS file mainmenu_inventory_search.js
[*] Found JS file mainmenu_lastmatch.js
[*] Found JS file mainmenu_news.js
[*] Found JS file mainmenu_operation_balance_reminder.js
[*] Found JS file mainmenu_overwatch.js
[*] Found JS file mainmenu_perf.js
[*] Found JS file mainmenu_play.js
[*] Found JS file mainmenu_store.js
[*] Found JS file mainmenu_store_tile.js
[*] Found JS file mainmenu_store_tile_linked.js
[*] Found JS file mainmenu_stream.js
[*] Found JS file mainmenu_tests.js
[*] Found JS file mainmenu_tournament_pass_status.js
[*] Found JS file mainmenu_watch.js
[*] Found JS file mainmenu_watchnotice.js
[*] Found JS file mainmenu_watch_eventsched.js
[*] Found JS file mainmenu_watch_tournament.js
[*] Found JS file mapdraft.js
[*] Found JS file match-reconnect.js
[*] Found JS file matchinfo.js
[*] Found JS file matchlist.js
[*] Found JS file matchmaking_status.js
[*] Found JS file mock_adapter.js
[*] Found JS file mute_spinner.js
[*] Found JS file party.js
[*] Found JS file playercard.js
[*] Found JS file scoreboard.js
[*] Found JS file settingsmenu.js
[*] Found JS file settingsmenu_chatwheel.js
[*] Found JS file settingsmenu_gamesettings.js
[*] Found JS file settingsmenu_promoted.js
[*] Found JS file settingsmenu_search.js
[*] Found JS file settingsmenu_shared.js
[*] Found JS file store.js
[*] Found JS file teamselectmenu.js
[*] Found JS file util_gamemodeflags.js
[*] Found JS file versus.js
[*] Found JS file watchmatchtile.js
[*] Found JS file watchtile.js
[*] Found JS file watch_events_debug.js
[*] Found JS file common\\characteranims.js
[*] Found JS file common\\collapse.js
[*] Found JS file common\\commonutil.js
[*] Found JS file common\\dateutil.js
[*] Found JS file common\\eventdefinition.js
[*] Found JS file common\\eventutil.js
[*] Found JS file common\\flip_panel_anim.js
[*] Found JS file common\\formattext.js
[*] Found JS file common\\gamerules_constants.js
[*] Found JS file common\\icon.js
[*] Found JS file common\\iteminfo.js
[*] Found JS file common\\item_context_entries.js
[*] Found JS file common\\licenseutil.js
[*] Found JS file common\\menuanims.js
[*] Found JS file common\\panelregistration.js
[*] Found JS file common\\promoted_settings.js
[*] Found JS file common\\scheduler.js
[*] Found JS file common\\sessionutil.js
[*] Found JS file common\\teamcolor.js
[*] Found JS file common\\tint_spray_icon.js
[*] Found JS file context_menus\\context_menu_add_to_cart.js
[*] Found JS file context_menus\\context_menu_eventsched_team.js
[*] Found JS file context_menus\\context_menu_inventory_item.js
[*] Found JS file context_menus\\context_menu_inventory_search.js
[*] Found JS file context_menus\\context_menu_mainmenu_vanity.js
[*] Found JS file context_menus\\context_menu_playercard.js
[*] Found JS file context_menus\\context_menu_rewards.js
[*] Found JS file context_menus\\context_menu_select_mission_card.js
[*] Found JS file context_menus\\context_menu_store_linked_items.js
[*] Found JS file context_menus\\context_menu_vote.js
[*] Found JS file context_menus\\context_menu_watchnotice_match_streams.js
[*] Found JS file generated\\items_event_current_generated_store.js
[*] Found JS file hud\\hudfreezepanel.js
[*] Found JS file hud\\hudmissionpanel.js
[*] Found JS file hud\\hudwinpanel.js
[*] Found JS file notification\\notification_equip.js
[*] Found JS file operation\\operation_active_mission.js
[*] Found JS file operation\\operation_main.js
[*] Found JS file operation\\operation_mainmenu.js
[*] Found JS file operation\\operation_mission.js
[*] Found JS file operation\\operation_missions.js
[*] Found JS file operation\\operation_mission_card.js
[*] Found JS file operation\\operation_store.js
[*] Found JS file operation\\operation_store_inspect.js
[*] Found JS file operation\\operation_tiers.js
[*] Found JS file operation\\operation_util.js
[*] Found JS file popups\\popup_accept_match.js
[*] Found JS file popups\\popup_acknowledge_item.js
[*] Found JS file popups\\popup_acknowledge_xpgrant.js
[*] Found JS file popups\\popup_activate_mission.js
[*] Found JS file popups\\popup_add_friend.js
[*] Found JS file popups\\popup_capability_can_stattrack_swap.js
[*] Found JS file popups\\popup_capability_can_sticker.js
[*] Found JS file popups\\popup_capability_decodable.js
[*] Found JS file popups\\popup_capability_header.js
[*] Found JS file popups\\popup_capability_nameable.js
[*] Found JS file popups\\popup_casket_operation.js
[*] Found JS file popups\\popup_choices.js
[*] Found JS file popups\\popup_commend_player.js
[*] Found JS file popups\\popup_confirm_picks.js
[*] Found JS file popups\\popup_crosshair_code.js
[*] Found JS file popups\\popup_custom_layout_test_image.js
[*] Found JS file popups\\popup_directchallenge_join.js
[*] Found JS file popups\\popup_directchallenge_steamgroups.js
[*] Found JS file popups\\popup_go_team_matchmaking.js
[*] Found JS file popups\\popup_hud_edge_positions.js
[*] Found JS file popups\\popup_inspect_action-bar.js
[*] Found JS file popups\\popup_inspect_async-bar.js
[*] Found JS file popups\\popup_inspect_header.js
[*] Found JS file popups\\popup_inspect_model-image.js
[*] Found JS file popups\\popup_inspect_purchase-bar.js
[*] Found JS file popups\\popup_inventory_inspect.js
[*] Found JS file popups\\popup_leaderboards.js
[*] Found JS file popups\\popup_license_register.js
[*] Found JS file popups\\popup_mainmenu_overwatch_verdict.js
[*] Found JS file popups\\popup_mainmenu_vanity_settings.js
[*] Found JS file popups\\popup_navdrawer.js
[*] Found JS file popups\\popup_news.js
[*] Found JS file popups\\popup_operation_launch.js
[*] Found JS file popups\\popup_operation_store.js
[*] Found JS file popups\\popup_permissions_settings.js
[*] Found JS file popups\\popup_play_gamemodeflags.js
[*] Found JS file popups\\popup_prime_status.js
[*] Found JS file popups\\popup_redeem_souvenir.js
[*] Found JS file popups\\popup_report_player.js
[*] Found JS file popups\\popup_report_server.js
[*] Found JS file popups\\popup_store_status.js
[*] Found JS file popups\\popup_subscription_upsell.js
[*] Found JS file popups\\popup_tournament_controlroom.js
[*] Found JS file popups\\popup_tournament_journal.js
[*] Found JS file popups\\popup_tournament_pickban.js
[*] Found JS file popups\\popup_tournament_select_spray.js
[*] Found JS file popups\\popup_tournament_store.js
[*] Found JS file popups\\popup_validated_text_entry.js
[*] Found JS file popups\\popup_weapon_update.js
[*] Found JS file popups\\popup_workshop_mode_select.js
[*] Found JS file popups\\stats\\popup_playerstats_singlematch.js
[*] Found JS file stats\\fakestats.js
[*] Found JS file stats\\matchstats.js
[*] Found JS file stats\\playerstats.js
[*] Found JS file stats\\playerstats_mapsgraph.js
[*] Found JS file stats\\playerstats_matchlister.js
[*] Found JS file stats\\playerstats_weaponsgraph.js
[*] Found JS file survival\\survival_endofmatch.js
[*] Found JS file survival\\survival_winner.js
[*] Found JS file survival\\survival_zonetimer.js
[*] Found JS file tests\\anim.js
[*] Found JS file tests\\endofmatch_controls.js
[*] Found JS file tests\\endofmatch_test.js
[*] Found JS file tests\\perf\\perf_context_panel_a.js
[*] Found JS file tests\\perf\\perf_context_panel_b.js
[*] Found JS file tests\\perf\\perf_context_panel_c.js
[*] Found JS file tests\\perf\\perf_item_jscontext.js
[*] Found JS file tests\\perf\\perf_item_jscontext_single.js
[*] Found JS file tests\\perf\\perf_jsmultiplecontexts.js
[*] Found JS file tests\\perf\\perf_jssinglecontext.js
[*] Found JS file tests\\perf\\type_safety.js
[*] Found JS file tooltips\\tooltip_eventsched_team.js
[*] Found JS file tooltips\\tooltip_inventory_item.js
[*] Found JS file tooltips\\tooltip_lobby_settings.js
[*] Found JS file tooltips\\tooltip_mission.js
[*] Found JS file tooltips\\tooltip_player_xp.js
[*] Found JS file tooltips\\tooltip_title_progressbar.js
[*] Found JS file tooltips\\stats\\tooltip_playerstats_calendar_day.js
[*] Found JS file tooltips\\stats\\tooltip_playerstats_generic.js
[*] Found JS file tooltips\\stats\\tooltip_playerstats_linegraph_avg.js
[*] Found JS file tooltips\\stats\\tooltip_playerstats_linegraph_stat.js
[*] Found JS file tooltips\\stats\\tooltip_playerstats_linegraph_stat_button.js
[*] Found JS file tooltips\\stats\\tooltip_playerstats_matchlister_matchstats.js
[*] Found JS file tooltips\\stats\\tooltip_playerstats_progress_graph.js
[*] Found JS file tournaments\\pickem_bracket.js
[*] Found JS file tournaments\\pickem_common.js
[*] Found JS file tournaments\\pickem_group.js
[*] Found JS file tournaments\\pickem_info_bar.js
[*] Found JS file advertising_toggle.js
[*] Found CSS file advertising_toggle.css
[*] Found CSS file avatar.css
[*] Found CSS file base.css
[*] Found CSS file broadcast_toggle.css
[*] Found CSS file buymenu.css
[*] Found CSS file carousel_nav.css
[*] Found CSS file characterbuttons.css
[*] Found CSS file characterlineup.css
[*] Found CSS file chat.css
[*] Found CSS file compass.css
[*] Found CSS file controlslibrary.css
[*] Found CSS file crafting.css
[*] Found CSS file crosshair.css
[*] Found CSS file csgostyles.css
[*] Found CSS file debugger.css
[*] Found CSS file endofmatch-characters.css
[*] Found CSS file endofmatch-drops.css
[*] Found CSS file endofmatch-podium.css
[*] Found CSS file endofmatch-rank.css
[*] Found CSS file endofmatch-skillgroup.css
[*] Found CSS file endofmatch-voting.css
[*] Found CSS file endofmatch-win.css
[*] Found CSS file endofmatch.css
[*] Found CSS file flip_panel_anim.css
[*] Found CSS file friendlobby.css
[*] Found CSS file friendslist.css
[*] Found CSS file friendtile.css
[*] Found CSS file gamestyles.css
[*] Found CSS file globalpopups.css
[*] Found CSS file intromovie.css
[*] Found CSS file inventory_item_list.css
[*] Found CSS file itempreview.css
[*] Found CSS file itemtile.css
[*] Found CSS file itemwheels.css
[*] Found CSS file loadingscreen.css
[*] Found CSS file loadout.css
[*] Found CSS file mainmenu.css
[*] Found CSS file mainmenu_featured.css
[*] Found CSS file mainmenu_inventory.css
[*] Found CSS file mainmenu_lastmatch.css
[*] Found CSS file mainmenu_news.css
[*] Found CSS file mainmenu_operation_balance_reminder.css
[*] Found CSS file mainmenu_overwatch.css
[*] Found CSS file mainmenu_play.css
[*] Found CSS file mainmenu_store.css
[*] Found CSS file mainmenu_stream.css
[*] Found CSS file mainmenu_tournaments.css
[*] Found CSS file mainmenu_tournament_pass_status.css
[*] Found CSS file mainmenu_watch.css
[*] Found CSS file mainmenu_watchnotice.css
[*] Found CSS file mainmenu_watch_eventsched.css
[*] Found CSS file mapdraft.css
[*] Found CSS file mapoverview.css
[*] Found CSS file match-reconnect.css
[*] Found CSS file matchinfo.css
[*] Found CSS file matchinfo_scoreboard.css
[*] Found CSS file matchmaking_status.css
[*] Found CSS file matchtile.css
[*] Found CSS file movie.css
[*] Found CSS file mute_spinner.css
[*] Found CSS file outofammo.css
[*] Found CSS file panorama_base.css
[*] Found CSS file party.css
[*] Found CSS file playercard.css
[*] Found CSS file quickinventory.css
[*] Found CSS file radialmenubase.css
[*] Found CSS file radialradio.css
[*] Found CSS file retakeloadout.css
[*] Found CSS file scoreboard.css
[*] Found CSS file shielddamagealert.css
[*] Found CSS file simple_player_tile.css
[*] Found CSS file store.css
[*] Found CSS file tablet_panolayer.css
[*] Found CSS file teamselectmenu.css
[*] Found CSS file tournament_tile_champions.css
[*] Found CSS file triplemonitorbackground.css
[*] Found CSS file versus.css
[*] Found CSS file watchmatchtile.css
[*] Found CSS file context_menus\\context_menu_add_to_cart.css
[*] Found CSS file context_menus\\context_menu_base.css
[*] Found CSS file context_menus\\context_menu_eventsched_team.css
[*] Found CSS file context_menus\\context_menu_inventory_item.css
[*] Found CSS file context_menus\\context_menu_inventory_search.css
[*] Found CSS file context_menus\\context_menu_mainmenu_vanity.css
[*] Found CSS file context_menus\\context_menu_playercard.css
[*] Found CSS file context_menus\\context_menu_rewards.css
[*] Found CSS file context_menus\\context_menu_select_mission_card.css
[*] Found CSS file context_menus\\context_menu_store_linked_items.css
[*] Found CSS file context_menus\\context_menu_vote.css
[*] Found CSS file context_menus\\context_menu_watchnotice_match_streams.css
[*] Found CSS file hud\\hud.css
[*] Found CSS file hud\\hudalerts.css
[*] Found CSS file hud\\hudautodisconnect.css
[*] Found CSS file hud\\hudchat.css
[*] Found CSS file hud\\huddamageindicator.css
[*] Found CSS file hud\\huddeathnotice.css
[*] Found CSS file hud\\huddemolitionprogress.css
[*] Found CSS file hud\\huddemoplayback.css
[*] Found CSS file hud\\huddmbonus.css
[*] Found CSS file hud\\hudfreezepanel.css
[*] Found CSS file hud\\hudgameicons.css
[*] Found CSS file hud\\hudguardian.css
[*] Found CSS file hud\\hudhealtharmor.css
[*] Found CSS file hud\\hudhinttext.css
[*] Found CSS file hud\\hudmissionpanel.css
[*] Found CSS file hud\\hudmoney.css
[*] Found CSS file hud\\hudpassiveitems.css
[*] Found CSS file hud\\hudprogressbar.css
[*] Found CSS file hud\\hudradar.css
[*] Found CSS file hud\\hudradio.css
[*] Found CSS file hud\\hudretake.css
[*] Found CSS file hud\\hudreticle.css
[*] Found CSS file hud\\hudrosettaselector.css
[*] Found CSS file hud\\hudspecplayer.css
[*] Found CSS file hud\\hudspectator.css
[*] Found CSS file hud\\hudtablethints.css
[*] Found CSS file hud\\hudteamcounter.css
[*] Found CSS file hud\\hudvoicestatus.css
[*] Found CSS file hud\\hudvote.css
[*] Found CSS file hud\\hudweaponpanel.css
[*] Found CSS file hud\\hudweaponselection.css
[*] Found CSS file hud\\hudwinpanel.css
[*] Found CSS file hud\\hudwinpanel_roundimpactscore.css
[*] Found CSS file notification\\notification_equip.css
[*] Found CSS file operation\\operation_main.css
[*] Found CSS file operation\\operation_mainmenu.css
[*] Found CSS file operation\\operation_missions.css
[*] Found CSS file operation\\operation_mission_card.css
[*] Found CSS file operation\\operation_shared.css
[*] Found CSS file operation\\operation_store.css
[*] Found CSS file operation\\operation_store_inspect.css
[*] Found CSS file operation\\operation_tiers.css
[*] Found CSS file popups\\popups_shared.css
[*] Found CSS file popups\\popup_accept_match.css
[*] Found CSS file popups\\popup_acknowledge_item.css
[*] Found CSS file popups\\popup_acknowledge_xpgrant.css
[*] Found CSS file popups\\popup_add_friend.css
[*] Found CSS file popups\\popup_capability_can_stattrack_swap.css
[*] Found CSS file popups\\popup_capability_can_sticker.css
[*] Found CSS file popups\\popup_capability_decodable.css
[*] Found CSS file popups\\popup_capability_nameable.css
[*] Found CSS file popups\\popup_capability_shared.css
[*] Found CSS file popups\\popup_choices.css
[*] Found CSS file popups\\popup_commend_player.css
[*] Found CSS file popups\\popup_confirm_picks.css
[*] Found CSS file popups\\popup_custom.css
[*] Found CSS file popups\\popup_directchallenge_join.css
[*] Found CSS file popups\\popup_directchallenge_steamgroups.css
[*] Found CSS file popups\\popup_generic.css
[*] Found CSS file popups\\popup_generic_text_entry.css
[*] Found CSS file popups\\popup_go_team_matchmaking.css
[*] Found CSS file popups\\popup_hud_edge_positions.css
[*] Found CSS file popups\\popup_inventory_inspect.css
[*] Found CSS file popups\\popup_leaderboards.css
[*] Found CSS file popups\\popup_mainmenu_overwatch_verdict.css
[*] Found CSS file popups\\popup_mainmenu_vanity_settings.css
[*] Found CSS file popups\\popup_manager.css
[*] Found CSS file popups\\popup_navdrawer.css
[*] Found CSS file popups\\popup_news.css
[*] Found CSS file popups\\popup_operation_launch.css
[*] Found CSS file popups\\popup_operation_store.css
[*] Found CSS file popups\\popup_permissions_settings.css
[*] Found CSS file popups\\popup_play_gamemodeflags.css
[*] Found CSS file popups\\popup_premier_matchmaking.css
[*] Found CSS file popups\\popup_prime_status.css
[*] Found CSS file popups\\popup_report_player.css
[*] Found CSS file popups\\popup_report_server.css
[*] Found CSS file popups\\popup_subscription_upsell.css
[*] Found CSS file popups\\popup_tournament_controlroom.css
[*] Found CSS file popups\\popup_tournament_journal.css
[*] Found CSS file popups\\popup_tournament_pickban.css
[*] Found CSS file popups\\popup_tournament_select_spray.css
[*] Found CSS file popups\\popup_tournament_store.css
[*] Found CSS file popups\\popup_validated_text_entry.css
[*] Found CSS file popups\\popup_weapon_update.css
[*] Found CSS file popups\\popup_workshop_mode_select.css
[*] Found CSS file settings\\settings.css
[*] Found CSS file settings\\settings_enum.css
[*] Found CSS file settings\\settings_keybinder.css
[*] Found CSS file settings\\settings_slider.css
[*] Found CSS file stats\\playerstats.css
[*] Found CSS file stats\\playerstats_heatmap.css
[*] Found CSS file stats\\playerstats_linegraph.css
[*] Found CSS file stats\\playerstats_mapsgraph.css
[*] Found CSS file stats\\playerstats_matchlister.css
[*] Found CSS file stats\\playerstats_weaponsgraph.css
[*] Found CSS file steaminputglyphs\\steaminputaction.css
[*] Found CSS file steaminputglyphs\\steaminputactionlabel.css
[*] Found CSS file steaminputglyphs\\steaminputglyphs.css
[*] Found CSS file steaminputglyphs\\steaminputlayout.css
[*] Found CSS file survival\\survival_buymenu.css
[*] Found CSS file survival\\survival_endofmatch.css
[*] Found CSS file survival\\survival_playerremainingcounter.css
[*] Found CSS file survival\\survival_spawnselect.css
[*] Found CSS file survival\\survival_zonemoneyprogress.css
[*] Found CSS file survival\\survival_zonetimer.css
[*] Found CSS file tests\\anim.css
[*] Found CSS file tests\\paneldebug.css
[*] Found CSS file tooltips\\tooltip_base.css
[*] Found CSS file tooltips\\tooltip_custom_test.css
[*] Found CSS file tooltips\\tooltip_eventsched_team.css
[*] Found CSS file tooltips\\tooltip_inventory_item.css
[*] Found CSS file tooltips\\tooltip_mission.css
[*] Found CSS file tooltips\\tooltip_playerprofile.css
[*] Found CSS file tooltips\\tooltip_player_xp.css
[*] Found CSS file tooltips\\tooltip_scoreboard_casualties.css
[*] Found CSS file tooltips\\tooltip_text.css
[*] Found CSS file tooltips\\tooltip_title_image_text.css
[*] Found CSS file tooltips\\tooltip_title_text.css
[*] Found CSS file tournaments\\pickem_common.css
